2025-09-16 09:23:07 OK Conexão OK (SELECT 1 -> 1)
2025-09-16 09:23:07 OK periodo = 202505
2025-09-16 09:23:07 OK eot = 010
2025-09-16 09:23:07 OK arquivo = /Detraf.txt
2025-09-16 09:23:07 OK janela_referencia_ini = 2025-05-01 00:00:00
2025-09-16 09:23:07 OK janela_referencia_fim = 2025-05-31 23:59:59
2025-09-16 09:23:07 OK Regra: importar todas as linhas; fora do mês = RECUPERAÇÃO DE CONTA.
2025-09-16 09:23:08 OK Truncadas: detraf_arquivo_batimento_avancado, detraf_processado_batimento_avancado, detraf_context_batimento_avancado
2025-09-16 09:23:08 OK Contexto do período gravado.
2025-09-16 09:23:08 OK Preparação concluída.
2025-09-16 09:23:08 OK Iniciando importação do arquivo...
2025-09-16 09:23:08 OK Arquivo encontrado: Detraf.txt | 11522 linhas detectadas
2025-09-16 09:23:53 OK Importação concluída. Iniciando matching...
2025-09-16 09:23:53 Janela DETRAF detectada: 2025-03-01 14:28:39 → 2025-05-31 23:02:20 | 11522 linhas
2025-09-16 09:23:53 OK Tabela temporária criada: tmp_detraf_20250916092353
2025-09-16 09:23:59 OK Tabela criada: cdr_batimento_avancado
2025-09-16 09:23:59 OK Matching concluído (RN=1) → tmp_conf_20250916092353
2025-09-16 09:24:01 OK Conferidos/Erros inseridos em detraf_processado_batimento_avancado.
2025-09-16 09:24:01 OK Perdidas inseridas em detraf_processado_batimento_avancado.
2025-09-16 09:24:53 OK Temporárias descartadas.
2025-09-16 09:24:53 OK View detraf_batimento_avancado_vw atualizada.
2025-09-16 09:24:53 OK CSV gerado: build/desatualizados_20250916_092453.csv (82 linhas)
2025-09-16 09:24:53 OK Matching concluído.
2025-09-16 09:24:53 OK CSV gerado: build/batimento_20250916_092453.csv (11522 linhas)
2025-09-16 09:24:55 OK CSV gerado: build/detalhado_20250916_092453.csv (11522 linhas)
2025-09-16 09:24:55 OK CSV gerado: build/sintetico_20250916_092453.csv (9 linhas)
2025-09-16 09:24:55 OK Processo finalizado.
